<?xml version="1.0" encoding="UTF-8"?>
<testsuites name="jest tests" tests="2" failures="2" errors="0" time="46.043">
  <testsuite name="Publish/Unpublish UseCases" errors="0" failures="2" skipped="0" timestamp="2026-02-28T10:26:25" time="44.66" tests="2">
    <testcase classname="Publish/Unpublish UseCases publishes when rules satisfied and logs audit" name="Publish/Unpublish UseCases publishes when rules satisfied and logs audit" time="20.01">
      <failure>Error: thrown: &quot;Exceeded timeout of 20000 ms for a test.
Add a timeout value to this test to increase the timeout, if this is a long-running test. See https://jestjs.io/docs/api#testname-fn-timeout.&quot;
    at C:\Users\mtulu\dal\apps\backend\tests\usecases\publish-unpublish.test.ts:37:3
    at _dispatchDescribe (C:\Users\mtulu\dal\apps\backend\node_modules\jest-circus\build\index.js:91:26)
    at describe (C:\Users\mtulu\dal\apps\backend\node_modules\jest-circus\build\index.js:55:5)
    at Object.&lt;anonymous&gt; (C:\Users\mtulu\dal\apps\backend\tests\usecases\publish-unpublish.test.ts:36:1)
    at Runtime._execModule (C:\Users\mtulu\dal\apps\backend\node_modules\jest-runtime\build\index.js:1439:24)
    at Runtime._loadModule (C:\Users\mtulu\dal\apps\backend\node_modules\jest-runtime\build\index.js:1022:12)
    at Runtime.requireModule (C:\Users\mtulu\dal\apps\backend\node_modules\jest-runtime\build\index.js:882:12)
    at jestAdapter (C:\Users\mtulu\dal\apps\backend\node_modules\jest-circus\build\legacy-code-todo-rewrite\jestAdapter.js:77:13)
    at runTestInternal (C:\Users\mtulu\dal\apps\backend\node_modules\jest-runner\build\runTest.js:367:16)
    at runTest (C:\Users\mtulu\dal\apps\backend\node_modules\jest-runner\build\runTest.js:444:34)</failure>
    </testcase>
    <testcase classname="Publish/Unpublish UseCases unpublishes and logs audit" name="Publish/Unpublish UseCases unpublishes and logs audit" time="20.014">
      <failure>Error: thrown: &quot;Exceeded timeout of 20000 ms for a test.
Add a timeout value to this test to increase the timeout, if this is a long-running test. See https://jestjs.io/docs/api#testname-fn-timeout.&quot;
    at C:\Users\mtulu\dal\apps\backend\tests\usecases\publish-unpublish.test.ts:50:3
    at _dispatchDescribe (C:\Users\mtulu\dal\apps\backend\node_modules\jest-circus\build\index.js:91:26)
    at describe (C:\Users\mtulu\dal\apps\backend\node_modules\jest-circus\build\index.js:55:5)
    at Object.&lt;anonymous&gt; (C:\Users\mtulu\dal\apps\backend\tests\usecases\publish-unpublish.test.ts:36:1)
    at Runtime._execModule (C:\Users\mtulu\dal\apps\backend\node_modules\jest-runtime\build\index.js:1439:24)
    at Runtime._loadModule (C:\Users\mtulu\dal\apps\backend\node_modules\jest-runtime\build\index.js:1022:12)
    at Runtime.requireModule (C:\Users\mtulu\dal\apps\backend\node_modules\jest-runtime\build\index.js:882:12)
    at jestAdapter (C:\Users\mtulu\dal\apps\backend\node_modules\jest-circus\build\legacy-code-todo-rewrite\jestAdapter.js:77:13)
    at runTestInternal (C:\Users\mtulu\dal\apps\backend\node_modules\jest-runner\build\runTest.js:367:16)
    at runTest (C:\Users\mtulu\dal\apps\backend\node_modules\jest-runner\build\runTest.js:444:34)</failure>
    </testcase>
  </testsuite>
</testsuites>